<?xml version="1.0" encoding="UTF-8"?>
<testng-results ignored="18" total="30" passed="6" failed="6" skipped="0">
  <reporter-output>
    <line>
      <![CDATA[Wrong browser entered]]>
    </line>
    <line>
      <![CDATA[Wrong browser entered]]>
    </line>
    <line>
      <![CDATA[Wrong browser entered]]>
    </line>
    <line>
      <![CDATA[Wrong browser entered]]>
    </line>
  </reporter-output>
  <suite started-at="2024-11-13T11:26:14 IST" name="Suite" finished-at="2024-11-13T11:27:13 IST" duration-ms="58839">
    <groups>
    </groups>
    <test started-at="2024-11-13T11:26:14 IST" name="Test1" finished-at="2024-11-13T11:26:30 IST" duration-ms="15753">
      <class name="books.TC_DWS_005_Test">
        <test-method is-config="true" signature="launchBrowser(java.lang.String)[pri:0, instance:books.TC_DWS_005_Test@302552ec]" started-at="2024-11-13T11:26:14 IST" name="launchBrowser" finished-at="2024-11-13T11:26:19 IST" duration-ms="4414" status="PASS">
          <params>
            <param index="0">
              <value>
                <![CDATA[Chrome]]>
              </value>
            </param>
          </params>
          <reporter-output>
            <line>
              <![CDATA[Wrong browser entered]]>
            </line>
          </reporter-output>
        </test-method> <!-- launchBrowser -->
        <test-method is-config="true" signature="login()[pri:0, instance:books.TC_DWS_005_Test@302552ec]" started-at="2024-11-13T11:26:19 IST" name="login" finished-at="2024-11-13T11:26:24 IST" duration-ms="5031" status="PASS">
          <reporter-output>
          </reporter-output>
        </test-method> <!-- login -->
        <test-method signature="clickOnBooks()[pri:0, instance:books.TC_DWS_005_Test@302552ec]" started-at="2024-11-13T11:26:24 IST" name="clickOnBooks" finished-at="2024-11-13T11:26:27 IST" duration-ms="2736" status="FAIL">
          <exception class="java.lang.AssertionError">
            <message>
              <![CDATA[Books page is not displayed did not expect [Demo Web Shop. Books] but found [Demo Web Shop. Books]]]>
            </message>
            <full-stacktrace>
              <![CDATA[java.lang.AssertionError: Books page is not displayed did not expect [Demo Web Shop. Books] but found [Demo Web Shop. Books]
at org.testng.Assert.fail(Assert.java:110)
at org.testng.Assert.failEquals(Assert.java:1581)
at org.testng.Assert.assertNotEqualsImpl(Assert.java:156)
at org.testng.Assert.assertNotEquals(Assert.java:2197)
at books.TC_DWS_005_Test.clickOnBooks(TC_DWS_005_Test.java:23)
at java.base/jdk.internal.reflect.DirectMethodHandleAccessor.invoke(DirectMethodHandleAccessor.java:103)
at java.base/java.lang.reflect.Method.invoke(Method.java:580)
at org.testng.internal.invokers.MethodInvocationHelper.invokeMethod(MethodInvocationHelper.java:139)
at org.testng.internal.invokers.TestInvoker.invokeMethod(TestInvoker.java:677)
at org.testng.internal.invokers.TestInvoker.invokeTestMethod(TestInvoker.java:221)
at org.testng.internal.invokers.MethodRunner.runInSequence(MethodRunner.java:50)
at org.testng.internal.invokers.TestInvoker$MethodInvocationAgent.invoke(TestInvoker.java:969)
at org.testng.internal.invokers.TestInvoker.invokeTestMethods(TestInvoker.java:194)
at org.testng.internal.invokers.TestMethodWorker.invokeTestMethods(TestMethodWorker.java:148)
at org.testng.internal.invokers.TestMethodWorker.run(TestMethodWorker.java:128)
at java.base/java.util.concurrent.ThreadPoolExecutor.runWorker(ThreadPoolExecutor.java:1144)
at java.base/java.util.concurrent.ThreadPoolExecutor$Worker.run(ThreadPoolExecutor.java:642)
at java.base/java.lang.Thread.run(Thread.java:1570)
]]>
            </full-stacktrace>
          </exception> <!-- java.lang.AssertionError -->
          <reporter-output>
          </reporter-output>
        </test-method> <!-- clickOnBooks -->
        <test-method is-config="true" signature="logout()[pri:0, instance:books.TC_DWS_005_Test@302552ec]" started-at="2024-11-13T11:26:29 IST" name="logout" finished-at="2024-11-13T11:26:30 IST" duration-ms="1118" status="PASS">
          <reporter-output>
          </reporter-output>
        </test-method> <!-- logout -->
        <test-method is-config="true" signature="closeBrowser()[pri:0, instance:books.TC_DWS_005_Test@302552ec]" started-at="2024-11-13T11:26:30 IST" name="closeBrowser" finished-at="2024-11-13T11:26:30 IST" duration-ms="314" status="PASS">
          <reporter-output>
          </reporter-output>
        </test-method> <!-- closeBrowser -->
      </class> <!-- books.TC_DWS_005_Test -->
      <class name="giftCard.TC_DWS_007_Test">
        <test-method is-config="true" signature="launchBrowser(java.lang.String)[pri:0, instance:giftCard.TC_DWS_007_Test@bcec361]" started-at="2024-11-13T11:26:14 IST" name="launchBrowser" finished-at="2024-11-13T11:26:19 IST" duration-ms="4414" status="PASS">
          <params>
            <param index="0">
              <value>
                <![CDATA[Chrome]]>
              </value>
            </param>
          </params>
          <reporter-output>
            <line>
              <![CDATA[Wrong browser entered]]>
            </line>
          </reporter-output>
        </test-method> <!-- launchBrowser -->
        <test-method is-config="true" signature="login()[pri:0, instance:giftCard.TC_DWS_007_Test@bcec361]" started-at="2024-11-13T11:26:19 IST" name="login" finished-at="2024-11-13T11:26:24 IST" duration-ms="4842" status="PASS">
          <reporter-output>
          </reporter-output>
        </test-method> <!-- login -->
        <test-method signature="clickOnGiftCard()[pri:0, instance:giftCard.TC_DWS_007_Test@bcec361]" started-at="2024-11-13T11:26:24 IST" name="clickOnGiftCard" finished-at="2024-11-13T11:26:27 IST" duration-ms="2921" status="PASS">
          <reporter-output>
          </reporter-output>
        </test-method> <!-- clickOnGiftCard -->
        <test-method is-config="true" signature="logout()[pri:0, instance:giftCard.TC_DWS_007_Test@bcec361]" started-at="2024-11-13T11:26:27 IST" name="logout" finished-at="2024-11-13T11:26:28 IST" duration-ms="1140" status="PASS">
          <reporter-output>
          </reporter-output>
        </test-method> <!-- logout -->
        <test-method is-config="true" signature="closeBrowser()[pri:0, instance:giftCard.TC_DWS_007_Test@bcec361]" started-at="2024-11-13T11:26:28 IST" name="closeBrowser" finished-at="2024-11-13T11:26:28 IST" duration-ms="284" status="PASS">
          <reporter-output>
          </reporter-output>
        </test-method> <!-- closeBrowser -->
      </class> <!-- giftCard.TC_DWS_007_Test -->
      <class name="electronics.TC_DWS_006_Test">
        <test-method is-config="true" signature="launchBrowser(java.lang.String)[pri:0, instance:electronics.TC_DWS_006_Test@26794848]" started-at="2024-11-13T11:26:14 IST" name="launchBrowser" finished-at="2024-11-13T11:26:19 IST" duration-ms="4401" status="PASS">
          <params>
            <param index="0">
              <value>
                <![CDATA[Chrome]]>
              </value>
            </param>
          </params>
          <reporter-output>
            <line>
              <![CDATA[Wrong browser entered]]>
            </line>
          </reporter-output>
        </test-method> <!-- launchBrowser -->
        <test-method is-config="true" signature="login()[pri:0, instance:electronics.TC_DWS_006_Test@26794848]" started-at="2024-11-13T11:26:19 IST" name="login" finished-at="2024-11-13T11:26:24 IST" duration-ms="5270" status="PASS">
          <reporter-output>
          </reporter-output>
        </test-method> <!-- login -->
        <test-method signature="clickOnElectronics()[pri:0, instance:electronics.TC_DWS_006_Test@26794848]" started-at="2024-11-13T11:26:24 IST" name="clickOnElectronics" finished-at="2024-11-13T11:26:27 IST" duration-ms="2497" status="FAIL">
          <exception class="java.lang.AssertionError">
            <message>
              <![CDATA[Electronics page is not displayed did not expect [Demo Web Shop. Electronics] but found [Demo Web Shop. Electronics]]]>
            </message>
            <full-stacktrace>
              <![CDATA[java.lang.AssertionError: Electronics page is not displayed did not expect [Demo Web Shop. Electronics] but found [Demo Web Shop. Electronics]
at org.testng.Assert.fail(Assert.java:110)
at org.testng.Assert.failEquals(Assert.java:1581)
at org.testng.Assert.assertNotEqualsImpl(Assert.java:156)
at org.testng.Assert.assertNotEquals(Assert.java:2197)
at electronics.TC_DWS_006_Test.clickOnElectronics(TC_DWS_006_Test.java:24)
at java.base/jdk.internal.reflect.DirectMethodHandleAccessor.invoke(DirectMethodHandleAccessor.java:103)
at java.base/java.lang.reflect.Method.invoke(Method.java:580)
at org.testng.internal.invokers.MethodInvocationHelper.invokeMethod(MethodInvocationHelper.java:139)
at org.testng.internal.invokers.TestInvoker.invokeMethod(TestInvoker.java:677)
at org.testng.internal.invokers.TestInvoker.invokeTestMethod(TestInvoker.java:221)
at org.testng.internal.invokers.MethodRunner.runInSequence(MethodRunner.java:50)
at org.testng.internal.invokers.TestInvoker$MethodInvocationAgent.invoke(TestInvoker.java:969)
at org.testng.internal.invokers.TestInvoker.invokeTestMethods(TestInvoker.java:194)
at org.testng.internal.invokers.TestMethodWorker.invokeTestMethods(TestMethodWorker.java:148)
at org.testng.internal.invokers.TestMethodWorker.run(TestMethodWorker.java:128)
at java.base/java.util.concurrent.ThreadPoolExecutor.runWorker(ThreadPoolExecutor.java:1144)
at java.base/java.util.concurrent.ThreadPoolExecutor$Worker.run(ThreadPoolExecutor.java:642)
at java.base/java.lang.Thread.run(Thread.java:1570)
]]>
            </full-stacktrace>
          </exception> <!-- java.lang.AssertionError -->
          <reporter-output>
          </reporter-output>
        </test-method> <!-- clickOnElectronics -->
        <test-method is-config="true" signature="logout()[pri:0, instance:electronics.TC_DWS_006_Test@26794848]" started-at="2024-11-13T11:26:29 IST" name="logout" finished-at="2024-11-13T11:26:30 IST" duration-ms="1251" status="PASS">
          <reporter-output>
          </reporter-output>
        </test-method> <!-- logout -->
        <test-method is-config="true" signature="closeBrowser()[pri:0, instance:electronics.TC_DWS_006_Test@26794848]" started-at="2024-11-13T11:26:30 IST" name="closeBrowser" finished-at="2024-11-13T11:26:30 IST" duration-ms="261" status="PASS">
          <reporter-output>
          </reporter-output>
        </test-method> <!-- closeBrowser -->
      </class> <!-- electronics.TC_DWS_006_Test -->
      <class name="computers.TC_DWS_008_Test">
        <test-method is-config="true" signature="launchBrowser(java.lang.String)[pri:0, instance:computers.TC_DWS_008_Test@3857f613]" started-at="2024-11-13T11:26:14 IST" name="launchBrowser" finished-at="2024-11-13T11:26:20 IST" duration-ms="5853" status="PASS">
          <params>
            <param index="0">
              <value>
                <![CDATA[Chrome]]>
              </value>
            </param>
          </params>
          <reporter-output>
            <line>
              <![CDATA[Wrong browser entered]]>
            </line>
          </reporter-output>
        </test-method> <!-- launchBrowser -->
        <test-method is-config="true" signature="login()[pri:0, instance:computers.TC_DWS_008_Test@3857f613]" started-at="2024-11-13T11:26:20 IST" name="login" finished-at="2024-11-13T11:26:23 IST" duration-ms="3109" status="PASS">
          <reporter-output>
          </reporter-output>
        </test-method> <!-- login -->
        <test-method signature="clickOnComputers()[pri:0, instance:computers.TC_DWS_008_Test@3857f613]" started-at="2024-11-13T11:26:23 IST" name="clickOnComputers" finished-at="2024-11-13T11:26:27 IST" duration-ms="3227" status="PASS">
          <reporter-output>
          </reporter-output>
        </test-method> <!-- clickOnComputers -->
        <test-method is-config="true" signature="logout()[pri:0, instance:computers.TC_DWS_008_Test@3857f613]" started-at="2024-11-13T11:26:27 IST" name="logout" finished-at="2024-11-13T11:26:28 IST" duration-ms="1642" status="PASS">
          <reporter-output>
          </reporter-output>
        </test-method> <!-- logout -->
        <test-method is-config="true" signature="closeBrowser()[pri:0, instance:computers.TC_DWS_008_Test@3857f613]" started-at="2024-11-13T11:26:28 IST" name="closeBrowser" finished-at="2024-11-13T11:26:29 IST" duration-ms="879" status="PASS">
          <reporter-output>
          </reporter-output>
        </test-method> <!-- closeBrowser -->
      </class> <!-- computers.TC_DWS_008_Test -->
    </test> <!-- Test1 -->
    <test started-at="2024-11-13T11:26:30 IST" name="Test2" finished-at="2024-11-13T11:26:46 IST" duration-ms="15723">
      <class name="books.TC_DWS_005_Test">
        <test-method is-config="true" signature="launchBrowser(java.lang.String)[pri:0, instance:books.TC_DWS_005_Test@609cd4d8]" started-at="2024-11-13T11:26:30 IST" name="launchBrowser" finished-at="2024-11-13T11:26:37 IST" duration-ms="7001" status="PASS">
          <params>
            <param index="0">
              <value>
                <![CDATA[Edge]]>
              </value>
            </param>
          </params>
          <reporter-output>
          </reporter-output>
        </test-method> <!-- launchBrowser -->
        <test-method is-config="true" signature="login()[pri:0, instance:books.TC_DWS_005_Test@609cd4d8]" started-at="2024-11-13T11:26:37 IST" name="login" finished-at="2024-11-13T11:26:41 IST" duration-ms="4105" status="PASS">
          <reporter-output>
          </reporter-output>
        </test-method> <!-- login -->
        <test-method signature="clickOnBooks()[pri:0, instance:books.TC_DWS_005_Test@609cd4d8]" started-at="2024-11-13T11:26:41 IST" name="clickOnBooks" finished-at="2024-11-13T11:26:43 IST" duration-ms="1805" status="FAIL">
          <exception class="java.lang.AssertionError">
            <message>
              <![CDATA[Books page is not displayed did not expect [Demo Web Shop. Books] but found [Demo Web Shop. Books]]]>
            </message>
            <full-stacktrace>
              <![CDATA[java.lang.AssertionError: Books page is not displayed did not expect [Demo Web Shop. Books] but found [Demo Web Shop. Books]
at org.testng.Assert.fail(Assert.java:110)
at org.testng.Assert.failEquals(Assert.java:1581)
at org.testng.Assert.assertNotEqualsImpl(Assert.java:156)
at org.testng.Assert.assertNotEquals(Assert.java:2197)
at books.TC_DWS_005_Test.clickOnBooks(TC_DWS_005_Test.java:23)
at java.base/jdk.internal.reflect.DirectMethodHandleAccessor.invoke(DirectMethodHandleAccessor.java:103)
at java.base/java.lang.reflect.Method.invoke(Method.java:580)
at org.testng.internal.invokers.MethodInvocationHelper.invokeMethod(MethodInvocationHelper.java:139)
at org.testng.internal.invokers.TestInvoker.invokeMethod(TestInvoker.java:677)
at org.testng.internal.invokers.TestInvoker.invokeTestMethod(TestInvoker.java:221)
at org.testng.internal.invokers.MethodRunner.runInSequence(MethodRunner.java:50)
at org.testng.internal.invokers.TestInvoker$MethodInvocationAgent.invoke(TestInvoker.java:969)
at org.testng.internal.invokers.TestInvoker.invokeTestMethods(TestInvoker.java:194)
at org.testng.internal.invokers.TestMethodWorker.invokeTestMethods(TestMethodWorker.java:148)
at org.testng.internal.invokers.TestMethodWorker.run(TestMethodWorker.java:128)
at java.base/java.util.concurrent.ThreadPoolExecutor.runWorker(ThreadPoolExecutor.java:1144)
at java.base/java.util.concurrent.ThreadPoolExecutor$Worker.run(ThreadPoolExecutor.java:642)
at java.base/java.lang.Thread.run(Thread.java:1570)
]]>
            </full-stacktrace>
          </exception> <!-- java.lang.AssertionError -->
          <reporter-output>
          </reporter-output>
        </test-method> <!-- clickOnBooks -->
        <test-method is-config="true" signature="logout()[pri:0, instance:books.TC_DWS_005_Test@609cd4d8]" started-at="2024-11-13T11:26:44 IST" name="logout" finished-at="2024-11-13T11:26:46 IST" duration-ms="2078" status="PASS">
          <reporter-output>
          </reporter-output>
        </test-method> <!-- logout -->
        <test-method is-config="true" signature="closeBrowser()[pri:0, instance:books.TC_DWS_005_Test@609cd4d8]" started-at="2024-11-13T11:26:46 IST" name="closeBrowser" finished-at="2024-11-13T11:26:46 IST" duration-ms="247" status="PASS">
          <reporter-output>
          </reporter-output>
        </test-method> <!-- closeBrowser -->
      </class> <!-- books.TC_DWS_005_Test -->
      <class name="giftCard.TC_DWS_007_Test">
        <test-method is-config="true" signature="launchBrowser(java.lang.String)[pri:0, instance:giftCard.TC_DWS_007_Test@66d18979]" started-at="2024-11-13T11:26:30 IST" name="launchBrowser" finished-at="2024-11-13T11:26:38 IST" duration-ms="7444" status="PASS">
          <params>
            <param index="0">
              <value>
                <![CDATA[Edge]]>
              </value>
            </param>
          </params>
          <reporter-output>
          </reporter-output>
        </test-method> <!-- launchBrowser -->
        <test-method is-config="true" signature="login()[pri:0, instance:giftCard.TC_DWS_007_Test@66d18979]" started-at="2024-11-13T11:26:38 IST" name="login" finished-at="2024-11-13T11:26:41 IST" duration-ms="3604" status="PASS">
          <reporter-output>
          </reporter-output>
        </test-method> <!-- login -->
        <test-method signature="clickOnGiftCard()[pri:0, instance:giftCard.TC_DWS_007_Test@66d18979]" started-at="2024-11-13T11:26:41 IST" name="clickOnGiftCard" finished-at="2024-11-13T11:26:43 IST" duration-ms="2124" status="PASS">
          <reporter-output>
          </reporter-output>
        </test-method> <!-- clickOnGiftCard -->
        <test-method is-config="true" signature="logout()[pri:0, instance:giftCard.TC_DWS_007_Test@66d18979]" started-at="2024-11-13T11:26:43 IST" name="logout" finished-at="2024-11-13T11:26:45 IST" duration-ms="1254" status="PASS">
          <reporter-output>
          </reporter-output>
        </test-method> <!-- logout -->
        <test-method is-config="true" signature="closeBrowser()[pri:0, instance:giftCard.TC_DWS_007_Test@66d18979]" started-at="2024-11-13T11:26:45 IST" name="closeBrowser" finished-at="2024-11-13T11:26:45 IST" duration-ms="274" status="PASS">
          <reporter-output>
          </reporter-output>
        </test-method> <!-- closeBrowser -->
      </class> <!-- giftCard.TC_DWS_007_Test -->
      <class name="electronics.TC_DWS_006_Test">
        <test-method is-config="true" signature="launchBrowser(java.lang.String)[pri:0, instance:electronics.TC_DWS_006_Test@bccb269]" started-at="2024-11-13T11:26:30 IST" name="launchBrowser" finished-at="2024-11-13T11:26:37 IST" duration-ms="7161" status="PASS">
          <params>
            <param index="0">
              <value>
                <![CDATA[Edge]]>
              </value>
            </param>
          </params>
          <reporter-output>
          </reporter-output>
        </test-method> <!-- launchBrowser -->
        <test-method is-config="true" signature="login()[pri:0, instance:electronics.TC_DWS_006_Test@bccb269]" started-at="2024-11-13T11:26:37 IST" name="login" finished-at="2024-11-13T11:26:42 IST" duration-ms="4656" status="PASS">
          <reporter-output>
          </reporter-output>
        </test-method> <!-- login -->
        <test-method signature="clickOnElectronics()[pri:0, instance:electronics.TC_DWS_006_Test@bccb269]" started-at="2024-11-13T11:26:42 IST" name="clickOnElectronics" finished-at="2024-11-13T11:26:44 IST" duration-ms="1496" status="FAIL">
          <exception class="java.lang.AssertionError">
            <message>
              <![CDATA[Electronics page is not displayed did not expect [Demo Web Shop. Electronics] but found [Demo Web Shop. Electronics]]]>
            </message>
            <full-stacktrace>
              <![CDATA[java.lang.AssertionError: Electronics page is not displayed did not expect [Demo Web Shop. Electronics] but found [Demo Web Shop. Electronics]
at org.testng.Assert.fail(Assert.java:110)
at org.testng.Assert.failEquals(Assert.java:1581)
at org.testng.Assert.assertNotEqualsImpl(Assert.java:156)
at org.testng.Assert.assertNotEquals(Assert.java:2197)
at electronics.TC_DWS_006_Test.clickOnElectronics(TC_DWS_006_Test.java:24)
at java.base/jdk.internal.reflect.DirectMethodHandleAccessor.invoke(DirectMethodHandleAccessor.java:103)
at java.base/java.lang.reflect.Method.invoke(Method.java:580)
at org.testng.internal.invokers.MethodInvocationHelper.invokeMethod(MethodInvocationHelper.java:139)
at org.testng.internal.invokers.TestInvoker.invokeMethod(TestInvoker.java:677)
at org.testng.internal.invokers.TestInvoker.invokeTestMethod(TestInvoker.java:221)
at org.testng.internal.invokers.MethodRunner.runInSequence(MethodRunner.java:50)
at org.testng.internal.invokers.TestInvoker$MethodInvocationAgent.invoke(TestInvoker.java:969)
at org.testng.internal.invokers.TestInvoker.invokeTestMethods(TestInvoker.java:194)
at org.testng.internal.invokers.TestMethodWorker.invokeTestMethods(TestMethodWorker.java:148)
at org.testng.internal.invokers.TestMethodWorker.run(TestMethodWorker.java:128)
at java.base/java.util.concurrent.ThreadPoolExecutor.runWorker(ThreadPoolExecutor.java:1144)
at java.base/java.util.concurrent.ThreadPoolExecutor$Worker.run(ThreadPoolExecutor.java:642)
at java.base/java.lang.Thread.run(Thread.java:1570)
]]>
            </full-stacktrace>
          </exception> <!-- java.lang.AssertionError -->
          <reporter-output>
          </reporter-output>
        </test-method> <!-- clickOnElectronics -->
        <test-method is-config="true" signature="logout()[pri:0, instance:electronics.TC_DWS_006_Test@bccb269]" started-at="2024-11-13T11:26:44 IST" name="logout" finished-at="2024-11-13T11:26:46 IST" duration-ms="1526" status="PASS">
          <reporter-output>
          </reporter-output>
        </test-method> <!-- logout -->
        <test-method is-config="true" signature="closeBrowser()[pri:0, instance:electronics.TC_DWS_006_Test@bccb269]" started-at="2024-11-13T11:26:46 IST" name="closeBrowser" finished-at="2024-11-13T11:26:46 IST" duration-ms="330" status="PASS">
          <reporter-output>
          </reporter-output>
        </test-method> <!-- closeBrowser -->
      </class> <!-- electronics.TC_DWS_006_Test -->
      <class name="computers.TC_DWS_008_Test">
        <test-method is-config="true" signature="launchBrowser(java.lang.String)[pri:0, instance:computers.TC_DWS_008_Test@6913c1fb]" started-at="2024-11-13T11:26:30 IST" name="launchBrowser" finished-at="2024-11-13T11:26:37 IST" duration-ms="7213" status="PASS">
          <params>
            <param index="0">
              <value>
                <![CDATA[Edge]]>
              </value>
            </param>
          </params>
          <reporter-output>
          </reporter-output>
        </test-method> <!-- launchBrowser -->
        <test-method is-config="true" signature="login()[pri:0, instance:computers.TC_DWS_008_Test@6913c1fb]" started-at="2024-11-13T11:26:37 IST" name="login" finished-at="2024-11-13T11:26:41 IST" duration-ms="3673" status="PASS">
          <reporter-output>
          </reporter-output>
        </test-method> <!-- login -->
        <test-method signature="clickOnComputers()[pri:0, instance:computers.TC_DWS_008_Test@6913c1fb]" started-at="2024-11-13T11:26:41 IST" name="clickOnComputers" finished-at="2024-11-13T11:26:43 IST" duration-ms="1443" status="PASS">
          <reporter-output>
          </reporter-output>
        </test-method> <!-- clickOnComputers -->
        <test-method is-config="true" signature="logout()[pri:0, instance:computers.TC_DWS_008_Test@6913c1fb]" started-at="2024-11-13T11:26:43 IST" name="logout" finished-at="2024-11-13T11:26:44 IST" duration-ms="1490" status="PASS">
          <reporter-output>
          </reporter-output>
        </test-method> <!-- logout -->
        <test-method is-config="true" signature="closeBrowser()[pri:0, instance:computers.TC_DWS_008_Test@6913c1fb]" started-at="2024-11-13T11:26:44 IST" name="closeBrowser" finished-at="2024-11-13T11:26:44 IST" duration-ms="356" status="PASS">
          <reporter-output>
          </reporter-output>
        </test-method> <!-- closeBrowser -->
      </class> <!-- computers.TC_DWS_008_Test -->
    </test> <!-- Test2 -->
    <test started-at="2024-11-13T11:26:46 IST" name="Test3" finished-at="2024-11-13T11:27:13 IST" duration-ms="27307">
      <class name="books.TC_DWS_005_Test">
        <test-method is-config="true" signature="launchBrowser(java.lang.String)[pri:0, instance:books.TC_DWS_005_Test@79d8407f]" started-at="2024-11-13T11:26:46 IST" name="launchBrowser" finished-at="2024-11-13T11:27:02 IST" duration-ms="15871" status="PASS">
          <params>
            <param index="0">
              <value>
                <![CDATA[Firefox]]>
              </value>
            </param>
          </params>
          <reporter-output>
          </reporter-output>
        </test-method> <!-- launchBrowser -->
        <test-method is-config="true" signature="login()[pri:0, instance:books.TC_DWS_005_Test@79d8407f]" started-at="2024-11-13T11:27:02 IST" name="login" finished-at="2024-11-13T11:27:07 IST" duration-ms="5361" status="PASS">
          <reporter-output>
          </reporter-output>
        </test-method> <!-- login -->
        <test-method signature="clickOnBooks()[pri:0, instance:books.TC_DWS_005_Test@79d8407f]" started-at="2024-11-13T11:27:07 IST" name="clickOnBooks" finished-at="2024-11-13T11:27:09 IST" duration-ms="1411" status="FAIL">
          <exception class="java.lang.AssertionError">
            <message>
              <![CDATA[Books page is not displayed did not expect [Demo Web Shop. Books] but found [Demo Web Shop. Books]]]>
            </message>
            <full-stacktrace>
              <![CDATA[java.lang.AssertionError: Books page is not displayed did not expect [Demo Web Shop. Books] but found [Demo Web Shop. Books]
at org.testng.Assert.fail(Assert.java:110)
at org.testng.Assert.failEquals(Assert.java:1581)
at org.testng.Assert.assertNotEqualsImpl(Assert.java:156)
at org.testng.Assert.assertNotEquals(Assert.java:2197)
at books.TC_DWS_005_Test.clickOnBooks(TC_DWS_005_Test.java:23)
at java.base/jdk.internal.reflect.DirectMethodHandleAccessor.invoke(DirectMethodHandleAccessor.java:103)
at java.base/java.lang.reflect.Method.invoke(Method.java:580)
at org.testng.internal.invokers.MethodInvocationHelper.invokeMethod(MethodInvocationHelper.java:139)
at org.testng.internal.invokers.TestInvoker.invokeMethod(TestInvoker.java:677)
at org.testng.internal.invokers.TestInvoker.invokeTestMethod(TestInvoker.java:221)
at org.testng.internal.invokers.MethodRunner.runInSequence(MethodRunner.java:50)
at org.testng.internal.invokers.TestInvoker$MethodInvocationAgent.invoke(TestInvoker.java:969)
at org.testng.internal.invokers.TestInvoker.invokeTestMethods(TestInvoker.java:194)
at org.testng.internal.invokers.TestMethodWorker.invokeTestMethods(TestMethodWorker.java:148)
at org.testng.internal.invokers.TestMethodWorker.run(TestMethodWorker.java:128)
at java.base/java.util.concurrent.ThreadPoolExecutor.runWorker(ThreadPoolExecutor.java:1144)
at java.base/java.util.concurrent.ThreadPoolExecutor$Worker.run(ThreadPoolExecutor.java:642)
at java.base/java.lang.Thread.run(Thread.java:1570)
]]>
            </full-stacktrace>
          </exception> <!-- java.lang.AssertionError -->
          <reporter-output>
          </reporter-output>
        </test-method> <!-- clickOnBooks -->
        <test-method is-config="true" signature="logout()[pri:0, instance:books.TC_DWS_005_Test@79d8407f]" started-at="2024-11-13T11:27:10 IST" name="logout" finished-at="2024-11-13T11:27:11 IST" duration-ms="1125" status="PASS">
          <reporter-output>
          </reporter-output>
        </test-method> <!-- logout -->
        <test-method is-config="true" signature="closeBrowser()[pri:0, instance:books.TC_DWS_005_Test@79d8407f]" started-at="2024-11-13T11:27:11 IST" name="closeBrowser" finished-at="2024-11-13T11:27:12 IST" duration-ms="1411" status="PASS">
          <reporter-output>
          </reporter-output>
        </test-method> <!-- closeBrowser -->
      </class> <!-- books.TC_DWS_005_Test -->
      <class name="giftCard.TC_DWS_007_Test">
        <test-method is-config="true" signature="launchBrowser(java.lang.String)[pri:0, instance:giftCard.TC_DWS_007_Test@158a8276]" started-at="2024-11-13T11:26:46 IST" name="launchBrowser" finished-at="2024-11-13T11:26:59 IST" duration-ms="12805" status="PASS">
          <params>
            <param index="0">
              <value>
                <![CDATA[Firefox]]>
              </value>
            </param>
          </params>
          <reporter-output>
          </reporter-output>
        </test-method> <!-- launchBrowser -->
        <test-method is-config="true" signature="login()[pri:0, instance:giftCard.TC_DWS_007_Test@158a8276]" started-at="2024-11-13T11:26:59 IST" name="login" finished-at="2024-11-13T11:27:03 IST" duration-ms="4190" status="PASS">
          <reporter-output>
          </reporter-output>
        </test-method> <!-- login -->
        <test-method signature="clickOnGiftCard()[pri:0, instance:giftCard.TC_DWS_007_Test@158a8276]" started-at="2024-11-13T11:27:03 IST" name="clickOnGiftCard" finished-at="2024-11-13T11:27:05 IST" duration-ms="2470" status="PASS">
          <reporter-output>
          </reporter-output>
        </test-method> <!-- clickOnGiftCard -->
        <test-method is-config="true" signature="logout()[pri:0, instance:giftCard.TC_DWS_007_Test@158a8276]" started-at="2024-11-13T11:27:05 IST" name="logout" finished-at="2024-11-13T11:27:07 IST" duration-ms="1345" status="PASS">
          <reporter-output>
          </reporter-output>
        </test-method> <!-- logout -->
        <test-method is-config="true" signature="closeBrowser()[pri:0, instance:giftCard.TC_DWS_007_Test@158a8276]" started-at="2024-11-13T11:27:07 IST" name="closeBrowser" finished-at="2024-11-13T11:27:09 IST" duration-ms="1886" status="PASS">
          <reporter-output>
          </reporter-output>
        </test-method> <!-- closeBrowser -->
      </class> <!-- giftCard.TC_DWS_007_Test -->
      <class name="electronics.TC_DWS_006_Test">
        <test-method is-config="true" signature="launchBrowser(java.lang.String)[pri:0, instance:electronics.TC_DWS_006_Test@3c3d9b6b]" started-at="2024-11-13T11:26:46 IST" name="launchBrowser" finished-at="2024-11-13T11:27:06 IST" duration-ms="19956" status="PASS">
          <params>
            <param index="0">
              <value>
                <![CDATA[Firefox]]>
              </value>
            </param>
          </params>
          <reporter-output>
          </reporter-output>
        </test-method> <!-- launchBrowser -->
        <test-method is-config="true" signature="login()[pri:0, instance:electronics.TC_DWS_006_Test@3c3d9b6b]" started-at="2024-11-13T11:27:06 IST" name="login" finished-at="2024-11-13T11:27:09 IST" duration-ms="3427" status="PASS">
          <reporter-output>
          </reporter-output>
        </test-method> <!-- login -->
        <test-method signature="clickOnElectronics()[pri:0, instance:electronics.TC_DWS_006_Test@3c3d9b6b]" started-at="2024-11-13T11:27:09 IST" name="clickOnElectronics" finished-at="2024-11-13T11:27:11 IST" duration-ms="1140" status="FAIL">
          <exception class="java.lang.AssertionError">
            <message>
              <![CDATA[Electronics page is not displayed did not expect [Demo Web Shop. Electronics] but found [Demo Web Shop. Electronics]]]>
            </message>
            <full-stacktrace>
              <![CDATA[java.lang.AssertionError: Electronics page is not displayed did not expect [Demo Web Shop. Electronics] but found [Demo Web Shop. Electronics]
at org.testng.Assert.fail(Assert.java:110)
at org.testng.Assert.failEquals(Assert.java:1581)
at org.testng.Assert.assertNotEqualsImpl(Assert.java:156)
at org.testng.Assert.assertNotEquals(Assert.java:2197)
at electronics.TC_DWS_006_Test.clickOnElectronics(TC_DWS_006_Test.java:24)
at java.base/jdk.internal.reflect.DirectMethodHandleAccessor.invoke(DirectMethodHandleAccessor.java:103)
at java.base/java.lang.reflect.Method.invoke(Method.java:580)
at org.testng.internal.invokers.MethodInvocationHelper.invokeMethod(MethodInvocationHelper.java:139)
at org.testng.internal.invokers.TestInvoker.invokeMethod(TestInvoker.java:677)
at org.testng.internal.invokers.TestInvoker.invokeTestMethod(TestInvoker.java:221)
at org.testng.internal.invokers.MethodRunner.runInSequence(MethodRunner.java:50)
at org.testng.internal.invokers.TestInvoker$MethodInvocationAgent.invoke(TestInvoker.java:969)
at org.testng.internal.invokers.TestInvoker.invokeTestMethods(TestInvoker.java:194)
at org.testng.internal.invokers.TestMethodWorker.invokeTestMethods(TestMethodWorker.java:148)
at org.testng.internal.invokers.TestMethodWorker.run(TestMethodWorker.java:128)
at java.base/java.util.concurrent.ThreadPoolExecutor.runWorker(ThreadPoolExecutor.java:1144)
at java.base/java.util.concurrent.ThreadPoolExecutor$Worker.run(ThreadPoolExecutor.java:642)
at java.base/java.lang.Thread.run(Thread.java:1570)
]]>
            </full-stacktrace>
          </exception> <!-- java.lang.AssertionError -->
          <reporter-output>
          </reporter-output>
        </test-method> <!-- clickOnElectronics -->
        <test-method is-config="true" signature="logout()[pri:0, instance:electronics.TC_DWS_006_Test@3c3d9b6b]" started-at="2024-11-13T11:27:11 IST" name="logout" finished-at="2024-11-13T11:27:12 IST" duration-ms="994" status="PASS">
          <reporter-output>
          </reporter-output>
        </test-method> <!-- logout -->
        <test-method is-config="true" signature="closeBrowser()[pri:0, instance:electronics.TC_DWS_006_Test@3c3d9b6b]" started-at="2024-11-13T11:27:12 IST" name="closeBrowser" finished-at="2024-11-13T11:27:13 IST" duration-ms="1621" status="PASS">
          <reporter-output>
          </reporter-output>
        </test-method> <!-- closeBrowser -->
      </class> <!-- electronics.TC_DWS_006_Test -->
      <class name="computers.TC_DWS_008_Test">
        <test-method is-config="true" signature="reportCofig()[pri:0, instance:computers.TC_DWS_008_Test@13b6aecc]" started-at="2024-11-13T11:26:14 IST" name="reportCofig" finished-at="2024-11-13T11:26:14 IST" duration-ms="298" status="PASS">
          <reporter-output>
          </reporter-output>
        </test-method> <!-- reportCofig -->
        <test-method is-config="true" signature="launchBrowser(java.lang.String)[pri:0, instance:computers.TC_DWS_008_Test@13b6aecc]" started-at="2024-11-13T11:26:46 IST" name="launchBrowser" finished-at="2024-11-13T11:26:57 IST" duration-ms="11456" status="PASS">
          <params>
            <param index="0">
              <value>
                <![CDATA[Firefox]]>
              </value>
            </param>
          </params>
          <reporter-output>
          </reporter-output>
        </test-method> <!-- launchBrowser -->
        <test-method is-config="true" signature="login()[pri:0, instance:computers.TC_DWS_008_Test@13b6aecc]" started-at="2024-11-13T11:26:57 IST" name="login" finished-at="2024-11-13T11:27:01 IST" duration-ms="4046" status="PASS">
          <reporter-output>
          </reporter-output>
        </test-method> <!-- login -->
        <test-method signature="clickOnComputers()[pri:0, instance:computers.TC_DWS_008_Test@13b6aecc]" started-at="2024-11-13T11:27:01 IST" name="clickOnComputers" finished-at="2024-11-13T11:27:04 IST" duration-ms="2228" status="PASS">
          <reporter-output>
          </reporter-output>
        </test-method> <!-- clickOnComputers -->
        <test-method is-config="true" signature="logout()[pri:0, instance:computers.TC_DWS_008_Test@13b6aecc]" started-at="2024-11-13T11:27:04 IST" name="logout" finished-at="2024-11-13T11:27:05 IST" duration-ms="1605" status="PASS">
          <reporter-output>
          </reporter-output>
        </test-method> <!-- logout -->
        <test-method is-config="true" signature="closeBrowser()[pri:0, instance:computers.TC_DWS_008_Test@13b6aecc]" started-at="2024-11-13T11:27:05 IST" name="closeBrowser" finished-at="2024-11-13T11:27:08 IST" duration-ms="2323" status="PASS">
          <reporter-output>
          </reporter-output>
        </test-method> <!-- closeBrowser -->
        <test-method is-config="true" signature="reportBackup()[pri:0, instance:computers.TC_DWS_008_Test@13b6aecc]" started-at="2024-11-13T11:27:13 IST" name="reportBackup" finished-at="2024-11-13T11:27:14 IST" duration-ms="360" status="PASS">
          <reporter-output>
          </reporter-output>
        </test-method> <!-- reportBackup -->
      </class> <!-- computers.TC_DWS_008_Test -->
    </test> <!-- Test3 -->
  </suite> <!-- Suite -->
</testng-results>
