<?xml version="1.0" encoding="UTF-8"?>
<!-- Generated by org.testng.reporters.JUnitXMLReporter -->
<testsuite ignored="6" hostname="Kishan" failures="2" tests="4" name="Test2" time="15.723" errors="0" timestamp="2024-11-13T11:26:46 IST">
  <testcase classname="computers.TC_DWS_008_Test" name="clickOnComputers" time="1.443"/>
  <testcase classname="books.TC_DWS_005_Test" name="clickOnBooks" time="1.805">
    <failure type="java.lang.AssertionError" message="Books page is not displayed did not expect [Demo Web Shop. Books] but found [Demo Web Shop. Books]">
      <![CDATA[java.lang.AssertionError: Books page is not displayed did not expect [Demo Web Shop. Books] but found [Demo Web Shop. Books]
at books.TC_DWS_005_Test.clickOnBooks(TC_DWS_005_Test.java:23)
at java.base/java.util.concurrent.ThreadPoolExecutor.runWorker(ThreadPoolExecutor.java:1144)
at java.base/java.util.concurrent.ThreadPoolExecutor$Worker.run(ThreadPoolExecutor.java:642)
at java.base/java.lang.Thread.run(Thread.java:1570)
... Removed 14 stack frames]]>
    </failure>
  </testcase> <!-- clickOnBooks -->
  <testcase classname="giftCard.TC_DWS_007_Test" name="clickOnGiftCard" time="2.124"/>
  <testcase classname="electronics.TC_DWS_006_Test" name="clickOnElectronics" time="1.496">
    <failure type="java.lang.AssertionError" message="Electronics page is not displayed did not expect [Demo Web Shop. Electronics] but found [Demo Web Shop. Electronics]">
      <![CDATA[java.lang.AssertionError: Electronics page is not displayed did not expect [Demo Web Shop. Electronics] but found [Demo Web Shop. Electronics]
at electronics.TC_DWS_006_Test.clickOnElectronics(TC_DWS_006_Test.java:24)
at java.base/java.util.concurrent.ThreadPoolExecutor.runWorker(ThreadPoolExecutor.java:1144)
at java.base/java.util.concurrent.ThreadPoolExecutor$Worker.run(ThreadPoolExecutor.java:642)
at java.base/java.lang.Thread.run(Thread.java:1570)
... Removed 14 stack frames]]>
    </failure>
  </testcase> <!-- clickOnElectronics -->
  <testcase classname="genericutility.BaseClass" name="@BeforeSuite reportCofig" time="0.0">
    <ignored/>
  </testcase> <!-- @BeforeSuite reportCofig -->
  <testcase classname="genericutility.BaseClass" name="@BeforeSuite reportCofig" time="0.0">
    <ignored/>
  </testcase> <!-- @BeforeSuite reportCofig -->
  <testcase classname="genericutility.BaseClass" name="@AfterSuite reportBackup" time="0.0">
    <ignored/>
  </testcase> <!-- @AfterSuite reportBackup -->
  <testcase classname="genericutility.BaseClass" name="@AfterSuite reportBackup" time="0.0">
    <ignored/>
  </testcase> <!-- @AfterSuite reportBackup -->
  <testcase classname="genericutility.BaseClass" name="@AfterSuite reportBackup" time="0.0">
    <ignored/>
  </testcase> <!-- @AfterSuite reportBackup -->
  <testcase classname="genericutility.BaseClass" name="@BeforeSuite reportCofig" time="0.0">
    <ignored/>
  </testcase> <!-- @BeforeSuite reportCofig -->
</testsuite> <!-- Test2 -->
